Added Component: Designator=U4(DS3231)
Added Pin To Net: NetName=3V3 Pin=C1-1
Added Pin To Net: NetName=3V3 Pin=C2-1
Added Pin To Net: NetName=3V3 Pin=C3-1
Added Pin To Net: NetName=3V3 Pin=C4-1
Added Pin To Net: NetName=3V3 Pin=C9-1
Added Pin To Net: NetName=3V3 Pin=C10-1
Added Pin To Net: NetName=3V3 Pin=C11-1
Added Pin To Net: NetName=3V3 Pin=J1-1
Added Pin To Net: NetName=3V3 Pin=J1-6
Added Pin To Net: NetName=3V3 Pin=J2-01
Added Pin To Net: NetName=3V3 Pin=L1-1
Added Pin To Net: NetName=3V3 Pin=L2-1
Added Pin To Net: NetName=3V3 Pin=P1-1
Added Pin To Net: NetName=3V3 Pin=R7-1
Added Pin To Net: NetName=3V3 Pin=R15-2
Added Pin To Net: NetName=3V3 Pin=R16-1
Added Pin To Net: NetName=3V3 Pin=R17-1
Added Pin To Net: NetName=3V3 Pin=R23-1
Added Pin To Net: NetName=3V3 Pin=R24-2
Added Pin To Net: NetName=3V3 Pin=S5-6
Added Pin To Net: NetName=3V3 Pin=U1-8
Added Pin To Net: NetName=3V3 Pin=U1-24
Added Pin To Net: NetName=3V3 Pin=U1-36
Added Pin To Net: NetName=3V3 Pin=U1-48
Added Pin To Net: NetName=3V3 Pin=U3-5
Added Pin To Net: NetName=3V3 Pin=U6-8
Added Net: Name=3V3
Added Pin To Net: NetName=5V Pin=C12-1
Added Pin To Net: NetName=5V Pin=C13-1
Added Pin To Net: NetName=5V Pin=C16-1
Added Pin To Net: NetName=5V Pin=C19-1
Added Pin To Net: NetName=5V Pin=C20-1
Added Pin To Net: NetName=5V Pin=Q1-3
Added Pin To Net: NetName=5V Pin=R6-1
Added Pin To Net: NetName=5V Pin=R14-2
Added Pin To Net: NetName=5V Pin=S1-1
Added Pin To Net: NetName=5V Pin=S1-2
Added Pin To Net: NetName=5V Pin=S1-3
Added Pin To Net: NetName=5V Pin=S2-1
Added Pin To Net: NetName=5V Pin=S2-2
Added Pin To Net: NetName=5V Pin=S2-3
Added Pin To Net: NetName=5V Pin=S3-1
Added Pin To Net: NetName=5V Pin=S4-9
Added Pin To Net: NetName=5V Pin=U2-1
Added Pin To Net: NetName=5V Pin=U3-1
Added Pin To Net: NetName=5V Pin=U3-3
Added Pin To Net: NetName=5V Pin=U4-5
Added Pin To Net: NetName=5V Pin=U5-1
Added Net: Name=5V
Added Pin To Net: NetName=ADC0 Pin=U1-10
Added Pin To Net: NetName=ADC0 Pin=U4-3
Added Net: Name=ADC0
Added Pin To Net: NetName=ADC1 Pin=U1-11
Added Pin To Net: NetName=ADC1 Pin=U4-4
Added Net: Name=ADC1
Added Pin To Net: NetName=ADC4 Pin=R19-1
Added Pin To Net: NetName=ADC4 Pin=R20-2
Added Pin To Net: NetName=ADC4 Pin=U1-14
Added Net: Name=ADC4
Added Pin To Net: NetName=ADC5 Pin=R21-1
Added Pin To Net: NetName=ADC5 Pin=R22-2
Added Pin To Net: NetName=ADC5 Pin=U1-15
Added Net: Name=ADC5
Added Pin To Net: NetName=ADC7 Pin=S5-5
Added Pin To Net: NetName=ADC7 Pin=U1-17
Added Net: Name=ADC7
Added Pin To Net: NetName=BOOT0 Pin=R8-2
Added Pin To Net: NetName=BOOT0 Pin=U1-44
Added Net: Name=BOOT0
Added Pin To Net: NetName=BOOT1 Pin=R9-1
Added Pin To Net: NetName=BOOT1 Pin=U1-20
Added Net: Name=BOOT1
Added Pin To Net: NetName=BUTTON Pin=BUTTON-3
Added Pin To Net: NetName=BUTTON Pin=U1-18
Added Net: Name=BUTTON
Added Pin To Net: NetName=BUZZER Pin=R18-1
Added Pin To Net: NetName=BUZZER Pin=U1-31
Added Net: Name=BUZZER
Added Pin To Net: NetName=DCIN Pin=C17-1
Added Pin To Net: NetName=DCIN Pin=C18-1
Added Pin To Net: NetName=DCIN Pin=JACK DC-1
Added Pin To Net: NetName=DCIN Pin=Q1-1
Added Net: Name=DCIN
Added Pin To Net: NetName=DI1 Pin=S5-3
Added Pin To Net: NetName=DI1 Pin=U1-19
Added Net: Name=DI1
Added Pin To Net: NetName=GND Pin=BUTTON-2
Added Pin To Net: NetName=GND Pin=C1-2
Added Pin To Net: NetName=GND Pin=C2-2
Added Pin To Net: NetName=GND Pin=C3-2
Added Pin To Net: NetName=GND Pin=C4-2
Added Pin To Net: NetName=GND Pin=C9-2
Added Pin To Net: NetName=GND Pin=C10-2
Added Pin To Net: NetName=GND Pin=C11-2
Added Pin To Net: NetName=GND Pin=C12-2
Added Pin To Net: NetName=GND Pin=C13-2
Added Pin To Net: NetName=GND Pin=C14-2
Added Pin To Net: NetName=GND Pin=C15-2
Added Pin To Net: NetName=GND Pin=C16-2
Added Pin To Net: NetName=GND Pin=C17-2
Added Pin To Net: NetName=GND Pin=C18-2
Added Pin To Net: NetName=GND Pin=C19-2
Added Pin To Net: NetName=GND Pin=C20-2
Added Pin To Net: NetName=GND Pin=J1-3
Added Pin To Net: NetName=GND Pin=J1-4
Added Pin To Net: NetName=GND Pin=J2-04
Added Pin To Net: NetName=GND Pin=JACK DC-2
Added Pin To Net: NetName=GND Pin=LS1-2
Added Pin To Net: NetName=GND Pin=P1-4
Added Pin To Net: NetName=GND Pin=Q1-2
Added Pin To Net: NetName=GND Pin=R2-2
Added Pin To Net: NetName=GND Pin=R10-1
Added Pin To Net: NetName=GND Pin=R11-2
Added Pin To Net: NetName=GND Pin=R12-1
Added Pin To Net: NetName=GND Pin=R13-2
Added Pin To Net: NetName=GND Pin=R20-1
Added Pin To Net: NetName=GND Pin=R22-1
Added Pin To Net: NetName=GND Pin=RESET-1
Added Pin To Net: NetName=GND Pin=S3-4
Added Pin To Net: NetName=GND Pin=S4-8
Added Pin To Net: NetName=GND Pin=S5-2
Added Pin To Net: NetName=GND Pin=S5-4
Added Pin To Net: NetName=GND Pin=U1-9
Added Pin To Net: NetName=GND Pin=U1-23
Added Pin To Net: NetName=GND Pin=U1-35
Added Pin To Net: NetName=GND Pin=U1-47
Added Pin To Net: NetName=GND Pin=U2-4
Added Pin To Net: NetName=GND Pin=U2-5
Added Pin To Net: NetName=GND Pin=U2-5
Added Pin To Net: NetName=GND Pin=U2-5
Added Pin To Net: NetName=GND Pin=U3-2
Added Pin To Net: NetName=GND Pin=U4-6
Added Pin To Net: NetName=GND Pin=U5-4
Added Pin To Net: NetName=GND Pin=U6-15
Added Pin To Net: NetName=GND Pin=U6-16
Added Pin To Net: NetName=GND Pin=U6-18
Added Net: Name=GND
Added Pin To Net: NetName=NetBUTTON_1 Pin=BUTTON-1
Added Pin To Net: NetName=NetBUTTON_1 Pin=R16-2
Added Net: Name=NetBUTTON_1
Added Pin To Net: NetName=NetC5_1 Pin=C5-1
Added Pin To Net: NetName=NetC5_1 Pin=C6-1
Added Net: Name=NetC5_1
Added Pin To Net: NetName=NetC14_1 Pin=C14-1
Added Pin To Net: NetName=NetC14_1 Pin=U3-4
Added Net: Name=NetC14_1
Added Pin To Net: NetName=NetJ1_2 Pin=J1-2
Added Pin To Net: NetName=NetJ1_2 Pin=R8-1
Added Net: Name=NetJ1_2
Added Pin To Net: NetName=NetJ1_5 Pin=J1-5
Added Pin To Net: NetName=NetJ1_5 Pin=R9-2
Added Net: Name=NetJ1_5
Added Pin To Net: NetName=NetL1_2 Pin=L1-2
Added Pin To Net: NetName=NetL1_2 Pin=R2-1
Added Net: Name=NetL1_2
Added Pin To Net: NetName=NetL2_2 Pin=L2-2
Added Pin To Net: NetName=NetL2_2 Pin=R3-1
Added Net: Name=NetL2_2
Added Pin To Net: NetName=NetLS1_1 Pin=LS1-1
Added Pin To Net: NetName=NetLS1_1 Pin=R18-2
Added Net: Name=NetLS1_1
Added Pin To Net: NetName=NetR4_2 Pin=R4-2
Added Pin To Net: NetName=NetR4_2 Pin=U2-2
Added Net: Name=NetR4_2
Added Pin To Net: NetName=NetR5_2 Pin=R5-2
Added Pin To Net: NetName=NetR5_2 Pin=U2-3
Added Net: Name=NetR5_2
Added Pin To Net: NetName=NetR10_2 Pin=R10-2
Added Pin To Net: NetName=NetR10_2 Pin=S1-5
Added Net: Name=NetR10_2
Added Pin To Net: NetName=NetR11_1 Pin=R11-1
Added Pin To Net: NetName=NetR11_1 Pin=R19-2
Added Pin To Net: NetName=NetR11_1 Pin=S1-4
Added Pin To Net: NetName=NetR11_1 Pin=S1-6
Added Net: Name=NetR11_1
Added Pin To Net: NetName=NetR12_2 Pin=R12-2
Added Pin To Net: NetName=NetR12_2 Pin=S2-5
Added Net: Name=NetR12_2
Added Pin To Net: NetName=NetR13_1 Pin=R13-1
Added Pin To Net: NetName=NetR13_1 Pin=R21-2
Added Pin To Net: NetName=NetR13_1 Pin=S2-4
Added Pin To Net: NetName=NetR13_1 Pin=S2-6
Added Net: Name=NetR13_1
Added Pin To Net: NetName=NetR15_1 Pin=R15-1
Added Pin To Net: NetName=NetR15_1 Pin=S5-1
Added Net: Name=NetR15_1
Added Pin To Net: NetName=NetR17_2 Pin=R17-2
Added Pin To Net: NetName=NetR17_2 Pin=U6-3
Added Net: Name=NetR17_2
Added Pin To Net: NetName=NetR23_2 Pin=R23-2
Added Pin To Net: NetName=NetR23_2 Pin=U6-1
Added Net: Name=NetR23_2
Added Pin To Net: NetName=NetR24_1 Pin=R24-1
Added Pin To Net: NetName=NetR24_1 Pin=U6-17
Added Net: Name=NetR24_1
Added Pin To Net: NetName=OSCIN Pin=C5-2
Added Pin To Net: NetName=OSCIN Pin=R1-2
Added Pin To Net: NetName=OSCIN Pin=U1-5
Added Pin To Net: NetName=OSCIN Pin=Y1-2
Added Net: Name=OSCIN
Added Pin To Net: NetName=OSCOUT Pin=C6-2
Added Pin To Net: NetName=OSCOUT Pin=R1-1
Added Pin To Net: NetName=OSCOUT Pin=U1-6
Added Pin To Net: NetName=OSCOUT Pin=Y1-1
Added Net: Name=OSCOUT
Added Pin To Net: NetName=PA6 Pin=R14-1
Added Pin To Net: NetName=PA6 Pin=S3-2
Added Pin To Net: NetName=PA6 Pin=U1-16
Added Net: Name=PA6
Added Pin To Net: NetName=PA11 Pin=R4-1
Added Pin To Net: NetName=PA11 Pin=U1-32
Added Net: Name=PA11
Added Pin To Net: NetName=PA12 Pin=R5-1
Added Pin To Net: NetName=PA12 Pin=R6-2
Added Pin To Net: NetName=PA12 Pin=U1-33
Added Net: Name=PA12
Added Pin To Net: NetName=PC13 Pin=R3-2
Added Pin To Net: NetName=PC13 Pin=U1-2
Added Net: Name=PC13
Added Pin To Net: NetName=RESET Pin=C15-1
Added Pin To Net: NetName=RESET Pin=R7-2
Added Pin To Net: NetName=RESET Pin=RESET-2
Added Net: Name=RESET
Added Pin To Net: NetName=RX1 Pin=U1-43
Added Pin To Net: NetName=RX1 Pin=U5-3
Added Net: Name=RX1
Added Pin To Net: NetName=RX2 Pin=S4-4
Added Pin To Net: NetName=RX2 Pin=U1-13
Added Net: Name=RX2
Added Pin To Net: NetName=RX3 Pin=J2-02
Added Pin To Net: NetName=RX3 Pin=U1-22
Added Pin To Net: NetName=RX3 Pin=U6-22
Added Net: Name=RX3
Added Pin To Net: NetName=SWDCLK Pin=P1-3
Added Pin To Net: NetName=SWDCLK Pin=U1-37
Added Net: Name=SWDCLK
Added Pin To Net: NetName=SWDIO Pin=P1-2
Added Pin To Net: NetName=SWDIO Pin=U1-34
Added Net: Name=SWDIO
Added Pin To Net: NetName=TX1 Pin=U1-42
Added Pin To Net: NetName=TX1 Pin=U5-2
Added Net: Name=TX1
Added Pin To Net: NetName=TX2 Pin=S4-3
Added Pin To Net: NetName=TX2 Pin=U1-12
Added Net: Name=TX2
Added Pin To Net: NetName=TX3 Pin=J2-03
Added Pin To Net: NetName=TX3 Pin=U1-21
Added Pin To Net: NetName=TX3 Pin=U6-21
Added Net: Name=TX3
Added Class: Name=BTL-Sch
