Removed Pin From Net: NetName=GND Pin=AMS1-1
Removed Pin From Net: NetName=5V Pin=AMS1-2
Removed Pin From Net: NetName=DCIN Pin=AMS1-3
Removed Pin From Net: NetName=GND Pin=AMS2-1
Removed Pin From Net: NetName=3V3 Pin=AMS2-2
Removed Pin From Net: NetName=5V Pin=AMS2-3
Removed Pin From Net: NetName=5V Pin=C17-1
Removed Pin From Net: NetName=GND Pin=C17-2
Removed Pin From Net: NetName=5V Pin=C18-1
Removed Pin From Net: NetName=GND Pin=C18-2
Removed Pin From Net: NetName=3V3 Pin=C19-1
Removed Pin From Net: NetName=GND Pin=C19-2
Removed Member From Class: ClassName=BTL-Sch Member=AMS1
Removed Member From Class: ClassName=BTL-Sch Member=AMS2
Change Component Designator: OldDesignator=JACK DC NewDesignator=JACK DC ?
Added Component: Designator=C20(Cap 0603)
Added Component: Designator=C?(tu hoa 8mm)
Add component (AddParameter): Name = "Chung_Loai"; Value = "C?m"; VariantName = "[No Variations]"
Add component (AddParameter): Name = "Don_Vi"; Value = "Con"; VariantName = "[No Variations]"
Add component (AddParameter): Name = "Kieu_Chan"; Value = ""; VariantName = "[No Variations]"
Add component (AddParameter): Name = "Ma_Hang"; Value = "MH008300"; VariantName = "[No Variations]"
Add component (AddParameter): Name = "So_Chan"; Value = "2"; VariantName = "[No Variations]"
Add component (AddParameter): Name = "Ten_Linh_Kien"; Value = "T? Hóa 1000uF 16V 8x20MM"; VariantName = "[No Variations]"
Added Component: Designator=Q1(TO254P1054X470X2600-3)
Add component (AddParameter): Name = "Availability"; Value = "Not in stock"; VariantName = "[No Variations]"
Add component (AddParameter): Name = "Check_prices"; Value = "https://www.snapeda.com/parts/LM7805CT/Comset+Semiconductors/view-part/?ref=eda"; VariantName = "[No Variations]"
Add component (AddParameter): Name = "MF"; Value = "Comset Semiconductors"; VariantName = "[No Variations]"
Add component (AddParameter): Name = "MP"; Value = "LM7805CT"; VariantName = "[No Variations]"
Add component (AddParameter): Name = "Package"; Value = "TO-220 Comset Semiconductors"; VariantName = "[No Variations]"
Add component (AddParameter): Name = "Price"; Value = "None"; VariantName = "[No Variations]"
Add component (AddParameter): Name = "SnapEDA_Link"; Value = "https://www.snapeda.com/parts/LM7805CT/Comset+Semiconductors/view-part/?ref=snap"; VariantName = "[No Variations]"
Add component (AddParameter): Name = "Value"; Value = ""; VariantName = "[No Variations]"
Added Member To Class: ClassName=BTL-Sch Member=Component C20 104
Added Member To Class: ClassName=BTL-Sch Member=Component C? 1000uF
Added Member To Class: ClassName=BTL-Sch Member=Component Q1 LM7805CT/NOPB
