Removed Pin From Net: NetName=NetR23_2 Pin=U6-1
Removed Pin From Net: NetName=NetR17_2 Pin=U6-3
Removed Pin From Net: NetName=3V3 Pin=U6-8
Removed Pin From Net: NetName=GND Pin=U6-15
Removed Pin From Net: NetName=GND Pin=U6-16
Removed Pin From Net: NetName=NetR24_1 Pin=U6-17
Removed Pin From Net: NetName=GND Pin=U6-18
Removed Pin From Net: NetName=TX3 Pin=U6-21
Removed Pin From Net: NetName=RX3 Pin=U6-22
Added Component: Designator=U6(ESP826612F)
Added Pin To Net: NetName=NetR23_2 Pin=U6-1
Added Pin To Net: NetName=NetR17_2 Pin=U6-3
Added Pin To Net: NetName=3V3 Pin=U6-8
Added Pin To Net: NetName=GND Pin=U6-15
Added Pin To Net: NetName=GND Pin=U6-16
Added Pin To Net: NetName=NetR24_1 Pin=U6-17
Added Pin To Net: NetName=GND Pin=U6-18
Added Pin To Net: NetName=TX3 Pin=U6-21
Added Pin To Net: NetName=RX3 Pin=U6-22
Added Member To Class: ClassName=air-quality-monitor Member=Component U6 ESP8266 12F
